{"D:\\namit\\LACA4\\DEVELOPMENT\\20A-poc\\AMPJET\\amp-taskdetails\\src\\ts\\ampCommon\\tasklist\\Task.ts": {"path":"D:\\namit\\LACA4\\DEVELOPMENT\\20A-poc\\AMPJET\\amp-taskdetails\\src\\ts\\ampCommon\\tasklist\\Task.ts","statementMap":{"0":{"start":{"line":1,"column":0},"end":{"line":1,"column":31}},"1":{"start":{"line":2,"column":0},"end":{"line":2,"column":63}},"2":{"start":{"line":7,"column":0},"end":{"line":7,"column":13}},"3":{"start":{"line":15,"column":11},"end":{"line":15,"column":76}},"4":{"start":{"line":16,"column":11},"end":{"line":16,"column":72}},"5":{"start":{"line":17,"column":11},"end":{"line":17,"column":73}},"6":{"start":{"line":20,"column":17},"end":{"line":20,"column":21}},"7":{"start":{"line":21,"column":8},"end":{"line":21,"column":56}},"8":{"start":{"line":22,"column":8},"end":{"line":22,"column":56}},"9":{"start":{"line":23,"column":8},"end":{"line":23,"column":39}},"10":{"start":{"line":24,"column":8},"end":{"line":24,"column":34}},"11":{"start":{"line":25,"column":8},"end":{"line":25,"column":55}},"12":{"start":{"line":27,"column":4},"end":{"line":35,"column":null}},"13":{"start":{"line":27,"column":28},"end":{"line":27,"column":null}},"14":{"start":{"line":28,"column":19},"end":{"line":28,"column":23}},"15":{"start":{"line":29,"column":8},"end":{"line":29,"column":39}},"16":{"start":{"line":30,"column":8},"end":{"line":34,"column":16}},"17":{"start":{"line":31,"column":12},"end":{"line":31,"column":32}},"18":{"start":{"line":31,"column":33},"end":{"line":31,"column":56}},"19":{"start":{"line":33,"column":12},"end":{"line":33,"column":31}},"20":{"start":{"line":37,"column":4},"end":{"line":42,"column":null}},"21":{"start":{"line":37,"column":37},"end":{"line":37,"column":null}},"22":{"start":{"line":38,"column":19},"end":{"line":38,"column":23}},"23":{"start":{"line":39,"column":8},"end":{"line":41,"column":16}},"24":{"start":{"line":40,"column":12},"end":{"line":40,"column":43}},"25":{"start":{"line":40,"column":44},"end":{"line":40,"column":85}},"26":{"start":{"line":44,"column":4},"end":{"line":48,"column":null}},"27":{"start":{"line":45,"column":19},"end":{"line":45,"column":23}},"28":{"start":{"line":46,"column":8},"end":{"line":47,"column":11}},"29":{"start":{"line":50,"column":4},"end":{"line":52,"column":null}},"30":{"start":{"line":50,"column":73},"end":{"line":50,"column":null}},"31":{"start":{"line":51,"column":8},"end":{"line":51,"column":85}},"32":{"start":{"line":54,"column":4},"end":{"line":59,"column":null}},"33":{"start":{"line":55,"column":19},"end":{"line":55,"column":23}},"34":{"start":{"line":56,"column":8},"end":{"line":58,"column":null}},"35":{"start":{"line":57,"column":12},"end":{"line":57,"column":142}},"36":{"start":{"line":61,"column":4},"end":{"line":63,"column":null}},"37":{"start":{"line":62,"column":8},"end":{"line":62,"column":74}},"38":{"start":{"line":65,"column":4},"end":{"line":67,"column":null}},"39":{"start":{"line":66,"column":8},"end":{"line":66,"column":78}},"40":{"start":{"line":69,"column":4},"end":{"line":76,"column":null}},"41":{"start":{"line":69,"column":73},"end":{"line":69,"column":null}},"42":{"start":{"line":70,"column":17},"end":{"line":70,"column":21}},"43":{"start":{"line":71,"column":8},"end":{"line":75,"column":16}},"44":{"start":{"line":72,"column":12},"end":{"line":72,"column":30}},"45":{"start":{"line":74,"column":12},"end":{"line":74,"column":22}},"46":{"start":{"line":77,"column":4},"end":{"line":85,"column":null}},"47":{"start":{"line":77,"column":4},"end":{"line":77,"column":19}},"48":{"start":{"line":77,"column":35},"end":{"line":77,"column":null}},"49":{"start":{"line":78,"column":17},"end":{"line":78,"column":21}},"50":{"start":{"line":79,"column":8},"end":{"line":84,"column":null}},"51":{"start":{"line":80,"column":12},"end":{"line":80,"column":38}},"52":{"start":{"line":81,"column":12},"end":{"line":83,"column":15}},"53":{"start":{"line":82,"column":19},"end":{"line":82,"column":112}},"54":{"start":{"line":87,"column":18},"end":{"line":92,"column":null}},"55":{"start":{"line":88,"column":8},"end":{"line":90,"column":null}},"56":{"start":{"line":89,"column":12},"end":{"line":89,"column":37}},"57":{"start":{"line":91,"column":8},"end":{"line":91,"column":29}},"58":{"start":{"line":95,"column":0},"end":{"line":95,"column":null}},"59":{"start":{"line":7,"column":13},"end":{"line":7,"column":17}}},"fnMap":{"0":{"name":"(anonymous_0)","decl":{"start":{"line":7,"column":0},"end":{"line":7,"column":13}},"loc":{"start":{"line":7,"column":0},"end":{"line":95,"column":null}}},"1":{"name":"Task","decl":{"start":{"line":19,"column":4},"end":{"line":19,"column":null}},"loc":{"start":{"line":19,"column":4},"end":{"line":26,"column":5}}},"2":{"name":"(anonymous_2)","decl":{"start":{"line":27,"column":4},"end":{"line":27,"column":11}},"loc":{"start":{"line":27,"column":55},"end":{"line":35,"column":5}}},"3":{"name":"(anonymous_3)","decl":{"start":{"line":30,"column":47},"end":{"line":30,"column":57}},"loc":{"start":{"line":30,"column":65},"end":{"line":32,"column":9}}},"4":{"name":"(anonymous_4)","decl":{"start":{"line":32,"column":11},"end":{"line":32,"column":21}},"loc":{"start":{"line":32,"column":26},"end":{"line":34,"column":9}}},"5":{"name":"(anonymous_5)","decl":{"start":{"line":37,"column":4},"end":{"line":37,"column":22}},"loc":{"start":{"line":37,"column":66},"end":{"line":42,"column":5}}},"6":{"name":"(anonymous_6)","decl":{"start":{"line":39,"column":56},"end":{"line":39,"column":66}},"loc":{"start":{"line":39,"column":70},"end":{"line":41,"column":9}}},"7":{"name":"(anonymous_7)","decl":{"start":{"line":44,"column":4},"end":{"line":44,"column":23}},"loc":{"start":{"line":44,"column":4},"end":{"line":48,"column":5}}},"8":{"name":"(anonymous_8)","decl":{"start":{"line":46,"column":79},"end":{"line":46,"column":89}},"loc":{"start":{"line":46,"column":93},"end":{"line":47,"column":9}}},"9":{"name":"(anonymous_9)","decl":{"start":{"line":50,"column":4},"end":{"line":50,"column":25}},"loc":{"start":{"line":50,"column":102},"end":{"line":52,"column":5}}},"10":{"name":"(anonymous_10)","decl":{"start":{"line":54,"column":4},"end":{"line":54,"column":20}},"loc":{"start":{"line":54,"column":38},"end":{"line":59,"column":5}}},"11":{"name":"(anonymous_11)","decl":{"start":{"line":61,"column":4},"end":{"line":61,"column":13}},"loc":{"start":{"line":61,"column":65},"end":{"line":63,"column":5}}},"12":{"name":"(anonymous_12)","decl":{"start":{"line":65,"column":4},"end":{"line":65,"column":24}},"loc":{"start":{"line":65,"column":69},"end":{"line":67,"column":5}}},"13":{"name":"(anonymous_13)","decl":{"start":{"line":69,"column":4},"end":{"line":69,"column":21}},"loc":{"start":{"line":69,"column":100},"end":{"line":76,"column":5}}},"14":{"name":"(anonymous_14)","decl":{"start":{"line":71,"column":88},"end":{"line":71,"column":97}},"loc":{"start":{"line":71,"column":105},"end":{"line":73,"column":9}}},"15":{"name":"(anonymous_15)","decl":{"start":{"line":73,"column":11},"end":{"line":73,"column":20}},"loc":{"start":{"line":73,"column":22},"end":{"line":75,"column":9}}},"16":{"name":"(anonymous_16)","decl":{"start":{"line":77,"column":4},"end":{"line":77,"column":19}},"loc":{"start":{"line":77,"column":64},"end":{"line":85,"column":5}}},"17":{"name":"(anonymous_17)","decl":{"start":{"line":81,"column":32},"end":{"line":81,"column":null}},"loc":{"start":{"line":81,"column":32},"end":{"line":83,"column":13}}},"18":{"name":"(anonymous_18)","decl":{"start":{"line":87,"column":4},"end":{"line":87,"column":18}},"loc":{"start":{"line":87,"column":4},"end":{"line":92,"column":5}}}},"branchMap":{"0":{"loc":{"start":{"line":27,"column":28},"end":{"line":27,"column":null}},"type":"if","locations":[{"start":{"line":27,"column":28},"end":{"line":27,"column":null}},{"start":{"line":27,"column":28},"end":{"line":27,"column":null}}]},"1":{"loc":{"start":{"line":37,"column":37},"end":{"line":37,"column":null}},"type":"if","locations":[{"start":{"line":37,"column":37},"end":{"line":37,"column":null}},{"start":{"line":37,"column":37},"end":{"line":37,"column":null}}]},"2":{"loc":{"start":{"line":50,"column":73},"end":{"line":50,"column":null}},"type":"if","locations":[{"start":{"line":50,"column":73},"end":{"line":50,"column":null}},{"start":{"line":50,"column":73},"end":{"line":50,"column":null}}]},"3":{"loc":{"start":{"line":56,"column":8},"end":{"line":58,"column":null}},"type":"if","locations":[{"start":{"line":56,"column":8},"end":{"line":58,"column":null}},{"start":{"line":56,"column":8},"end":{"line":58,"column":null}}]},"4":{"loc":{"start":{"line":56,"column":12},"end":{"line":56,"column":52}},"type":"binary-expr","locations":[{"start":{"line":56,"column":12},"end":{"line":56,"column":52}},{"start":{"line":56,"column":56},"end":{"line":56,"column":93}}]},"5":{"loc":{"start":{"line":69,"column":73},"end":{"line":69,"column":null}},"type":"if","locations":[{"start":{"line":69,"column":73},"end":{"line":69,"column":null}},{"start":{"line":69,"column":73},"end":{"line":69,"column":null}}]},"6":{"loc":{"start":{"line":77,"column":35},"end":{"line":77,"column":null}},"type":"if","locations":[{"start":{"line":77,"column":35},"end":{"line":77,"column":null}},{"start":{"line":77,"column":35},"end":{"line":77,"column":null}}]},"7":{"loc":{"start":{"line":79,"column":8},"end":{"line":84,"column":null}},"type":"if","locations":[{"start":{"line":79,"column":8},"end":{"line":84,"column":null}},{"start":{"line":79,"column":8},"end":{"line":84,"column":null}}]},"8":{"loc":{"start":{"line":88,"column":8},"end":{"line":90,"column":null}},"type":"if","locations":[{"start":{"line":88,"column":8},"end":{"line":90,"column":null}},{"start":{"line":88,"column":8},"end":{"line":90,"column":null}}]}},"s":{"0":1,"1":1,"2":1,"3":1,"4":1,"5":1,"6":1,"7":1,"8":1,"9":1,"10":1,"11":1,"12":1,"13":3,"14":3,"15":3,"16":3,"17":0,"18":0,"19":1,"20":1,"21":1,"22":1,"23":1,"24":0,"25":0,"26":1,"27":1,"28":1,"29":1,"30":0,"31":0,"32":1,"33":1,"34":1,"35":0,"36":1,"37":1,"38":1,"39":1,"40":1,"41":2,"42":2,"43":2,"44":0,"45":2,"46":1,"47":1,"48":1,"49":1,"50":1,"51":1,"52":1,"53":0,"54":1,"55":2,"56":1,"57":2,"58":1,"59":1},"f":{"0":1,"1":1,"2":3,"3":0,"4":1,"5":1,"6":0,"7":1,"8":0,"9":0,"10":1,"11":1,"12":1,"13":2,"14":0,"15":2,"16":1,"17":0,"18":2},"b":{"0":[0,3],"1":[0,1],"2":[0,0],"3":[0,1],"4":[1,1],"5":[0,2],"6":[0,1],"7":[1,0],"8":[1,1]}}
,"D:\\namit\\LACA4\\DEVELOPMENT\\20A-poc\\AMPJET\\amp-taskdetails\\src\\ts\\ampCommon\\tasklist\\facade\\TaskDetailsFacade.ts": {"path":"D:\\namit\\LACA4\\DEVELOPMENT\\20A-poc\\AMPJET\\amp-taskdetails\\src\\ts\\ampCommon\\tasklist\\facade\\TaskDetailsFacade.ts","statementMap":{"0":{"start":{"line":5,"column":0},"end":{"line":5,"column":13}},"1":{"start":{"line":7,"column":9},"end":{"line":7,"column":74}},"2":{"start":{"line":8,"column":9},"end":{"line":8,"column":70}},"3":{"start":{"line":9,"column":9},"end":{"line":9,"column":71}},"4":{"start":{"line":12,"column":2},"end":{"line":30,"column":null}},"5":{"start":{"line":12,"column":55},"end":{"line":12,"column":null}},"6":{"start":{"line":13,"column":18},"end":{"line":23,"column":6}},"7":{"start":{"line":24,"column":4},"end":{"line":29,"column":7}},"8":{"start":{"line":25,"column":6},"end":{"line":25,"column":28}},"9":{"start":{"line":26,"column":6},"end":{"line":26,"column":86}},"10":{"start":{"line":28,"column":6},"end":{"line":28,"column":25}},"11":{"start":{"line":32,"column":2},"end":{"line":56,"column":null}},"12":{"start":{"line":32,"column":48},"end":{"line":32,"column":null}},"13":{"start":{"line":33,"column":65},"end":{"line":35,"column":null}},"14":{"start":{"line":37,"column":4},"end":{"line":37,"column":41}},"15":{"start":{"line":39,"column":19},"end":{"line":48,"column":6}},"16":{"start":{"line":50,"column":4},"end":{"line":54,"column":7}},"17":{"start":{"line":51,"column":6},"end":{"line":51,"column":75}},"18":{"start":{"line":53,"column":6},"end":{"line":53,"column":22}},"19":{"start":{"line":58,"column":2},"end":{"line":71,"column":null}},"20":{"start":{"line":58,"column":71},"end":{"line":58,"column":null}},"21":{"start":{"line":59,"column":19},"end":{"line":69,"column":6}},"22":{"start":{"line":70,"column":4},"end":{"line":70,"column":88}},"23":{"start":{"line":70,"column":38},"end":{"line":70,"column":56}},"24":{"start":{"line":70,"column":72},"end":{"line":70,"column":87}},"25":{"start":{"line":74,"column":2},"end":{"line":93,"column":null}},"26":{"start":{"line":74,"column":62},"end":{"line":74,"column":null}},"27":{"start":{"line":76,"column":19},"end":{"line":85,"column":null}},"28":{"start":{"line":87,"column":4},"end":{"line":92,"column":7}},"29":{"start":{"line":88,"column":6},"end":{"line":88,"column":28}},"30":{"start":{"line":89,"column":6},"end":{"line":89,"column":53}},"31":{"start":{"line":91,"column":6},"end":{"line":91,"column":16}},"32":{"start":{"line":95,"column":2},"end":{"line":112,"column":null}},"33":{"start":{"line":96,"column":37},"end":{"line":96,"column":48}},"34":{"start":{"line":97,"column":4},"end":{"line":111,"column":null}},"35":{"start":{"line":98,"column":6},"end":{"line":109,"column":9}},"36":{"start":{"line":99,"column":8},"end":{"line":108,"column":null}},"37":{"start":{"line":100,"column":18},"end":{"line":100,"column":26}},"38":{"start":{"line":100,"column":28},"end":{"line":100,"column":44}},"39":{"start":{"line":100,"column":46},"end":{"line":100,"column":60}},"40":{"start":{"line":100,"column":62},"end":{"line":100,"column":83}},"41":{"start":{"line":100,"column":85},"end":{"line":100,"column":91}},"42":{"start":{"line":101,"column":10},"end":{"line":107,"column":13}},"43":{"start":{"line":110,"column":6},"end":{"line":110,"column":28}},"44":{"start":{"line":114,"column":2},"end":{"line":128,"column":null}},"45":{"start":{"line":114,"column":67},"end":{"line":114,"column":null}},"46":{"start":{"line":117,"column":20},"end":{"line":125,"column":8}},"47":{"start":{"line":126,"column":6},"end":{"line":126,"column":93}},"48":{"start":{"line":126,"column":39},"end":{"line":126,"column":57}},"49":{"start":{"line":126,"column":73},"end":{"line":126,"column":92}},"50":{"start":{"line":130,"column":2},"end":{"line":142,"column":null}},"51":{"start":{"line":130,"column":72},"end":{"line":130,"column":null}},"52":{"start":{"line":133,"column":20},"end":{"line":139,"column":8}},"53":{"start":{"line":140,"column":6},"end":{"line":140,"column":89}},"54":{"start":{"line":140,"column":39},"end":{"line":140,"column":57}},"55":{"start":{"line":140,"column":73},"end":{"line":140,"column":88}},"56":{"start":{"line":144,"column":2},"end":{"line":168,"column":null}},"57":{"start":{"line":144,"column":123},"end":{"line":144,"column":null}},"58":{"start":{"line":146,"column":4},"end":{"line":150,"column":null}},"59":{"start":{"line":151,"column":4},"end":{"line":151,"column":37}},"60":{"start":{"line":152,"column":19},"end":{"line":161,"column":null}},"61":{"start":{"line":163,"column":4},"end":{"line":167,"column":7}},"62":{"start":{"line":164,"column":6},"end":{"line":164,"column":24}},"63":{"start":{"line":166,"column":6},"end":{"line":166,"column":16}},"64":{"start":{"line":169,"column":0},"end":{"line":169,"column":null}},"65":{"start":{"line":5,"column":13},"end":{"line":5,"column":30}}},"fnMap":{"0":{"name":"(anonymous_0)","decl":{"start":{"line":5,"column":0},"end":{"line":5,"column":13}},"loc":{"start":{"line":5,"column":0},"end":{"line":169,"column":null}}},"1":{"name":"(anonymous_2)","decl":{"start":{"line":12,"column":2},"end":{"line":12,"column":20}},"loc":{"start":{"line":12,"column":84},"end":{"line":30,"column":3}}},"2":{"name":"(anonymous_3)","decl":{"start":{"line":24,"column":25},"end":{"line":24,"column":35}},"loc":{"start":{"line":24,"column":43},"end":{"line":27,"column":5}}},"3":{"name":"(anonymous_4)","decl":{"start":{"line":27,"column":13},"end":{"line":27,"column":23}},"loc":{"start":{"line":27,"column":28},"end":{"line":29,"column":5}}},"4":{"name":"(anonymous_5)","decl":{"start":{"line":32,"column":2},"end":{"line":32,"column":21}},"loc":{"start":{"line":32,"column":77},"end":{"line":56,"column":3}}},"5":{"name":"(anonymous_6)","decl":{"start":{"line":50,"column":26},"end":{"line":50,"column":36}},"loc":{"start":{"line":50,"column":44},"end":{"line":52,"column":5}}},"6":{"name":"(anonymous_7)","decl":{"start":{"line":52,"column":13},"end":{"line":52,"column":23}},"loc":{"start":{"line":52,"column":25},"end":{"line":54,"column":5}}},"7":{"name":"(anonymous_8)","decl":{"start":{"line":58,"column":2},"end":{"line":58,"column":23}},"loc":{"start":{"line":58,"column":100},"end":{"line":71,"column":3}}},"8":{"name":"(anonymous_9)","decl":{"start":{"line":70,"column":26},"end":{"line":70,"column":34}},"loc":{"start":{"line":70,"column":34},"end":{"line":70,"column":45}}},"9":{"name":"(anonymous_10)","decl":{"start":{"line":70,"column":63},"end":{"line":70,"column":68}},"loc":{"start":{"line":70,"column":68},"end":{"line":70,"column":79}}},"10":{"name":"(anonymous_11)","decl":{"start":{"line":74,"column":2},"end":{"line":74,"column":9}},"loc":{"start":{"line":74,"column":90},"end":{"line":93,"column":3}}},"11":{"name":"(anonymous_12)","decl":{"start":{"line":87,"column":26},"end":{"line":87,"column":36}},"loc":{"start":{"line":87,"column":44},"end":{"line":90,"column":5}}},"12":{"name":"(anonymous_13)","decl":{"start":{"line":90,"column":13},"end":{"line":90,"column":23}},"loc":{"start":{"line":90,"column":25},"end":{"line":92,"column":5}}},"13":{"name":"(anonymous_14)","decl":{"start":{"line":95,"column":2},"end":{"line":95,"column":18}},"loc":{"start":{"line":95,"column":104},"end":{"line":112,"column":3}}},"14":{"name":"(anonymous_15)","decl":{"start":{"line":98,"column":27},"end":{"line":98,"column":28}},"loc":{"start":{"line":98,"column":36},"end":{"line":109,"column":7}}},"15":{"name":"(anonymous_16)","decl":{"start":{"line":114,"column":2},"end":{"line":114,"column":11}},"loc":{"start":{"line":114,"column":92},"end":{"line":128,"column":3}}},"16":{"name":"(anonymous_17)","decl":{"start":{"line":126,"column":27},"end":{"line":126,"column":35}},"loc":{"start":{"line":126,"column":35},"end":{"line":126,"column":46}}},"17":{"name":"(anonymous_18)","decl":{"start":{"line":126,"column":64},"end":{"line":126,"column":69}},"loc":{"start":{"line":126,"column":69},"end":{"line":126,"column":80}}},"18":{"name":"(anonymous_19)","decl":{"start":{"line":130,"column":2},"end":{"line":130,"column":22}},"loc":{"start":{"line":130,"column":97},"end":{"line":142,"column":3}}},"19":{"name":"(anonymous_20)","decl":{"start":{"line":140,"column":27},"end":{"line":140,"column":35}},"loc":{"start":{"line":140,"column":35},"end":{"line":140,"column":46}}},"20":{"name":"(anonymous_21)","decl":{"start":{"line":140,"column":64},"end":{"line":140,"column":69}},"loc":{"start":{"line":140,"column":69},"end":{"line":140,"column":80}}},"21":{"name":"(anonymous_22)","decl":{"start":{"line":144,"column":2},"end":{"line":144,"column":19}},"loc":{"start":{"line":144,"column":151},"end":{"line":168,"column":3}}},"22":{"name":"(anonymous_23)","decl":{"start":{"line":163,"column":26},"end":{"line":163,"column":36}},"loc":{"start":{"line":163,"column":44},"end":{"line":165,"column":5}}},"23":{"name":"(anonymous_24)","decl":{"start":{"line":165,"column":13},"end":{"line":165,"column":23}},"loc":{"start":{"line":165,"column":25},"end":{"line":167,"column":5}}}},"branchMap":{"0":{"loc":{"start":{"line":12,"column":55},"end":{"line":12,"column":null}},"type":"if","locations":[{"start":{"line":12,"column":55},"end":{"line":12,"column":null}},{"start":{"line":12,"column":55},"end":{"line":12,"column":null}}]},"1":{"loc":{"start":{"line":32,"column":48},"end":{"line":32,"column":null}},"type":"if","locations":[{"start":{"line":32,"column":48},"end":{"line":32,"column":null}},{"start":{"line":32,"column":48},"end":{"line":32,"column":null}}]},"2":{"loc":{"start":{"line":58,"column":71},"end":{"line":58,"column":null}},"type":"if","locations":[{"start":{"line":58,"column":71},"end":{"line":58,"column":null}},{"start":{"line":58,"column":71},"end":{"line":58,"column":null}}]},"3":{"loc":{"start":{"line":74,"column":62},"end":{"line":74,"column":null}},"type":"if","locations":[{"start":{"line":74,"column":62},"end":{"line":74,"column":null}},{"start":{"line":74,"column":62},"end":{"line":74,"column":null}}]},"4":{"loc":{"start":{"line":97,"column":4},"end":{"line":111,"column":null}},"type":"if","locations":[{"start":{"line":97,"column":4},"end":{"line":111,"column":null}},{"start":{"line":97,"column":4},"end":{"line":111,"column":null}}]},"5":{"loc":{"start":{"line":97,"column":8},"end":{"line":97,"column":34}},"type":"binary-expr","locations":[{"start":{"line":97,"column":8},"end":{"line":97,"column":34}},{"start":{"line":97,"column":38},"end":{"line":97,"column":61}}]},"6":{"loc":{"start":{"line":99,"column":8},"end":{"line":108,"column":null}},"type":"if","locations":[{"start":{"line":99,"column":8},"end":{"line":108,"column":null}},{"start":{"line":99,"column":8},"end":{"line":108,"column":null}}]},"7":{"loc":{"start":{"line":99,"column":12},"end":{"line":99,"column":29}},"type":"binary-expr","locations":[{"start":{"line":99,"column":12},"end":{"line":99,"column":29}},{"start":{"line":99,"column":33},"end":{"line":99,"column":60}}]},"8":{"loc":{"start":{"line":102,"column":55},"end":{"line":102,"column":86}},"type":"cond-expr","locations":[{"start":{"line":102,"column":55},"end":{"line":102,"column":86}},{"start":{"line":102,"column":89},"end":{"line":102,"column":100}}]},"9":{"loc":{"start":{"line":114,"column":67},"end":{"line":114,"column":null}},"type":"if","locations":[{"start":{"line":114,"column":67},"end":{"line":114,"column":null}},{"start":{"line":114,"column":67},"end":{"line":114,"column":null}}]},"10":{"loc":{"start":{"line":130,"column":72},"end":{"line":130,"column":null}},"type":"if","locations":[{"start":{"line":130,"column":72},"end":{"line":130,"column":null}},{"start":{"line":130,"column":72},"end":{"line":130,"column":null}}]},"11":{"loc":{"start":{"line":144,"column":123},"end":{"line":144,"column":null}},"type":"if","locations":[{"start":{"line":144,"column":123},"end":{"line":144,"column":null}},{"start":{"line":144,"column":123},"end":{"line":144,"column":null}}]}},"s":{"0":2,"1":19,"2":19,"3":19,"4":2,"5":6,"6":5,"7":5,"8":2,"9":2,"10":1,"11":2,"12":4,"13":3,"14":3,"15":3,"16":3,"17":0,"18":2,"19":2,"20":2,"21":2,"22":2,"23":0,"24":1,"25":2,"26":7,"27":6,"28":6,"29":2,"30":2,"31":2,"32":2,"33":2,"34":2,"35":1,"36":28,"37":3,"38":3,"39":3,"40":3,"41":3,"42":3,"43":1,"44":2,"45":3,"46":2,"47":2,"48":0,"49":1,"50":2,"51":4,"52":3,"53":3,"54":0,"55":2,"56":2,"57":4,"58":4,"59":4,"60":4,"61":4,"62":0,"63":4,"64":2,"65":2},"f":{"0":21,"1":5,"2":2,"3":1,"4":3,"5":0,"6":2,"7":2,"8":0,"9":1,"10":6,"11":2,"12":2,"13":2,"14":28,"15":2,"16":0,"17":1,"18":3,"19":0,"20":2,"21":4,"22":0,"23":4},"b":{"0":[1,4],"1":[1,2],"2":[0,2],"3":[1,5],"4":[1,1],"5":[2,1],"6":[3,25],"7":[28,28],"8":[3,0],"9":[1,1],"10":[1,2],"11":[0,4]}}
,"D:\\namit\\LACA4\\DEVELOPMENT\\20A-poc\\AMPJET\\amp-taskdetails\\src\\ts\\util\\AdvancedActivityConstants.ts": {"path":"D:\\namit\\LACA4\\DEVELOPMENT\\20A-poc\\AMPJET\\amp-taskdetails\\src\\ts\\util\\AdvancedActivityConstants.ts","statementMap":{"0":{"start":{"line":1,"column":0},"end":{"line":1,"column":13}},"1":{"start":{"line":2,"column":27},"end":{"line":2,"column":52}},"2":{"start":{"line":3,"column":27},"end":{"line":3,"column":54}},"3":{"start":{"line":4,"column":27},"end":{"line":4,"column":52}},"4":{"start":{"line":5,"column":27},"end":{"line":5,"column":66}},"5":{"start":{"line":6,"column":27},"end":{"line":6,"column":76}},"6":{"start":{"line":7,"column":27},"end":{"line":7,"column":58}},"7":{"start":{"line":8,"column":27},"end":{"line":8,"column":56}},"8":{"start":{"line":9,"column":0},"end":{"line":9,"column":null}},"9":{"start":{"line":1,"column":13},"end":{"line":1,"column":38}}},"fnMap":{"0":{"name":"(anonymous_0)","decl":{"start":{"line":1,"column":0},"end":{"line":1,"column":13}},"loc":{"start":{"line":1,"column":0},"end":{"line":1,"column":13}}}},"branchMap":{},"s":{"0":2,"1":2,"2":2,"3":2,"4":2,"5":2,"6":2,"7":2,"8":2,"9":2},"f":{"0":2},"b":{}}
,"D:\\namit\\LACA4\\DEVELOPMENT\\20A-poc\\AMPJET\\amp-taskdetails\\src\\ts\\util\\AdvancedActivityUtil.ts": {"path":"D:\\namit\\LACA4\\DEVELOPMENT\\20A-poc\\AMPJET\\amp-taskdetails\\src\\ts\\util\\AdvancedActivityUtil.ts","statementMap":{"0":{"start":{"line":3,"column":0},"end":{"line":3,"column":13}},"1":{"start":{"line":4,"column":18},"end":{"line":10,"column":null}},"2":{"start":{"line":5,"column":31},"end":{"line":8,"column":10}},"3":{"start":{"line":9,"column":8},"end":{"line":9,"column":20}},"4":{"start":{"line":12,"column":0},"end":{"line":12,"column":null}},"5":{"start":{"line":3,"column":13},"end":{"line":3,"column":33}}},"fnMap":{"0":{"name":"(anonymous_0)","decl":{"start":{"line":3,"column":0},"end":{"line":3,"column":13}},"loc":{"start":{"line":3,"column":0},"end":{"line":12,"column":null}}},"1":{"name":"(anonymous_2)","decl":{"start":{"line":4,"column":4},"end":{"line":4,"column":18}},"loc":{"start":{"line":4,"column":56},"end":{"line":10,"column":5}}}},"branchMap":{},"s":{"0":1,"1":1,"2":1,"3":1,"4":1,"5":1},"f":{"0":1,"1":1},"b":{}}
,"D:\\namit\\LACA4\\DEVELOPMENT\\20A-poc\\AMPJET\\amp-taskdetails\\src\\ts\\util\\CommonUtils.ts": {"path":"D:\\namit\\LACA4\\DEVELOPMENT\\20A-poc\\AMPJET\\amp-taskdetails\\src\\ts\\util\\CommonUtils.ts","statementMap":{"0":{"start":{"line":1,"column":0},"end":{"line":1,"column":13}},"1":{"start":{"line":3,"column":11},"end":{"line":17,"column":null}},"2":{"start":{"line":4,"column":8},"end":{"line":6,"column":null}},"3":{"start":{"line":5,"column":12},"end":{"line":5,"column":62}},"4":{"start":{"line":7,"column":23},"end":{"line":7,"column":25}},"5":{"start":{"line":8,"column":24},"end":{"line":8,"column":46}},"6":{"start":{"line":9,"column":8},"end":{"line":14,"column":11}},"7":{"start":{"line":10,"column":30},"end":{"line":10,"column":51}},"8":{"start":{"line":11,"column":29},"end":{"line":11,"column":61}},"9":{"start":{"line":12,"column":31},"end":{"line":12,"column":91}},"10":{"start":{"line":13,"column":12},"end":{"line":13,"column":42}},"11":{"start":{"line":15,"column":8},"end":{"line":15,"column":44}},"12":{"start":{"line":16,"column":8},"end":{"line":16,"column":22}},"13":{"start":{"line":19,"column":0},"end":{"line":19,"column":null}},"14":{"start":{"line":1,"column":13},"end":{"line":1,"column":24}}},"fnMap":{"0":{"name":"(anonymous_0)","decl":{"start":{"line":1,"column":0},"end":{"line":1,"column":13}},"loc":{"start":{"line":1,"column":0},"end":{"line":19,"column":null}}},"1":{"name":"(anonymous_2)","decl":{"start":{"line":3,"column":4},"end":{"line":3,"column":11}},"loc":{"start":{"line":3,"column":48},"end":{"line":17,"column":5}}},"2":{"name":"(anonymous_3)","decl":{"start":{"line":9,"column":24},"end":{"line":9,"column":25}},"loc":{"start":{"line":9,"column":43},"end":{"line":14,"column":9}}}},"branchMap":{"0":{"loc":{"start":{"line":4,"column":8},"end":{"line":6,"column":null}},"type":"if","locations":[{"start":{"line":4,"column":8},"end":{"line":6,"column":null}},{"start":{"line":4,"column":8},"end":{"line":6,"column":null}}]},"1":{"loc":{"start":{"line":12,"column":73},"end":{"line":12,"column":85}},"type":"cond-expr","locations":[{"start":{"line":12,"column":73},"end":{"line":12,"column":85}},{"start":{"line":12,"column":88},"end":{"line":12,"column":90}}]}},"s":{"0":1,"1":1,"2":2,"3":1,"4":2,"5":2,"6":2,"7":3,"8":3,"9":3,"10":3,"11":2,"12":2,"13":1,"14":1},"f":{"0":1,"1":2,"2":3},"b":{"0":[1,1],"1":[2,1]}}
}
