TN:
SF:src\ts\ampCommon\tasklist\Task.ts
FN:7,(anonymous_0)
FN:19,Task
FN:27,(anonymous_2)
FN:30,(anonymous_3)
FN:32,(anonymous_4)
FN:37,(anonymous_5)
FN:39,(anonymous_6)
FN:44,(anonymous_7)
FN:46,(anonymous_8)
FN:50,(anonymous_9)
FN:54,(anonymous_10)
FN:61,(anonymous_11)
FN:65,(anonymous_12)
FN:69,(anonymous_13)
FN:71,(anonymous_14)
FN:73,(anonymous_15)
FN:77,(anonymous_16)
FN:81,(anonymous_17)
FN:87,(anonymous_18)
FNF:19
FNH:13
FNDA:1,(anonymous_0)
FNDA:1,Task
FNDA:3,(anonymous_2)
FNDA:0,(anonymous_3)
FNDA:1,(anonymous_4)
FNDA:1,(anonymous_5)
FNDA:0,(anonymous_6)
FNDA:1,(anonymous_7)
FNDA:0,(anonymous_8)
FNDA:0,(anonymous_9)
FNDA:1,(anonymous_10)
FNDA:1,(anonymous_11)
FNDA:1,(anonymous_12)
FNDA:2,(anonymous_13)
FNDA:0,(anonymous_14)
FNDA:2,(anonymous_15)
FNDA:1,(anonymous_16)
FNDA:0,(anonymous_17)
FNDA:2,(anonymous_18)
DA:1,1
DA:2,1
DA:7,1
DA:15,1
DA:16,1
DA:17,1
DA:20,1
DA:21,1
DA:22,1
DA:23,1
DA:24,1
DA:25,1
DA:27,3
DA:28,3
DA:29,3
DA:30,3
DA:31,0
DA:33,1
DA:37,1
DA:38,1
DA:39,1
DA:40,0
DA:44,1
DA:45,1
DA:46,1
DA:50,1
DA:51,0
DA:54,1
DA:55,1
DA:56,1
DA:57,0
DA:61,1
DA:62,1
DA:65,1
DA:66,1
DA:69,2
DA:70,2
DA:71,2
DA:72,0
DA:74,2
DA:77,1
DA:78,1
DA:79,1
DA:80,1
DA:81,1
DA:82,0
DA:87,1
DA:88,2
DA:89,1
DA:91,2
DA:95,1
LF:51
LH:45
BRDA:27,0,0,0
BRDA:27,0,1,3
BRDA:37,1,0,0
BRDA:37,1,1,1
BRDA:50,2,0,0
BRDA:50,2,1,0
BRDA:56,3,0,0
BRDA:56,3,1,1
BRDA:56,4,0,1
BRDA:56,4,1,1
BRDA:69,5,0,0
BRDA:69,5,1,2
BRDA:77,6,0,0
BRDA:77,6,1,1
BRDA:79,7,0,1
BRDA:79,7,1,0
BRDA:88,8,0,1
BRDA:88,8,1,1
BRF:18
BRH:10
end_of_record
TN:
SF:src\ts\ampCommon\tasklist\facade\TaskDetailsFacade.ts
FN:5,(anonymous_0)
FN:12,(anonymous_2)
FN:24,(anonymous_3)
FN:27,(anonymous_4)
FN:32,(anonymous_5)
FN:50,(anonymous_6)
FN:52,(anonymous_7)
FN:58,(anonymous_8)
FN:70,(anonymous_9)
FN:70,(anonymous_10)
FN:74,(anonymous_11)
FN:87,(anonymous_12)
FN:90,(anonymous_13)
FN:95,(anonymous_14)
FN:98,(anonymous_15)
FN:114,(anonymous_16)
FN:126,(anonymous_17)
FN:126,(anonymous_18)
FN:130,(anonymous_19)
FN:140,(anonymous_20)
FN:140,(anonymous_21)
FN:144,(anonymous_22)
FN:163,(anonymous_23)
FN:165,(anonymous_24)
FNF:24
FNH:19
FNDA:21,(anonymous_0)
FNDA:5,(anonymous_2)
FNDA:2,(anonymous_3)
FNDA:1,(anonymous_4)
FNDA:3,(anonymous_5)
FNDA:0,(anonymous_6)
FNDA:2,(anonymous_7)
FNDA:2,(anonymous_8)
FNDA:0,(anonymous_9)
FNDA:1,(anonymous_10)
FNDA:6,(anonymous_11)
FNDA:2,(anonymous_12)
FNDA:2,(anonymous_13)
FNDA:2,(anonymous_14)
FNDA:28,(anonymous_15)
FNDA:2,(anonymous_16)
FNDA:0,(anonymous_17)
FNDA:1,(anonymous_18)
FNDA:3,(anonymous_19)
FNDA:0,(anonymous_20)
FNDA:2,(anonymous_21)
FNDA:4,(anonymous_22)
FNDA:0,(anonymous_23)
FNDA:4,(anonymous_24)
DA:5,2
DA:7,19
DA:8,19
DA:9,19
DA:12,6
DA:13,5
DA:24,5
DA:25,2
DA:26,2
DA:28,1
DA:32,4
DA:33,3
DA:37,3
DA:39,3
DA:50,3
DA:51,0
DA:53,2
DA:58,2
DA:59,2
DA:70,2
DA:74,7
DA:76,6
DA:87,6
DA:88,2
DA:89,2
DA:91,2
DA:95,2
DA:96,2
DA:97,2
DA:98,1
DA:99,28
DA:100,3
DA:101,3
DA:110,1
DA:114,3
DA:117,2
DA:126,2
DA:130,4
DA:133,3
DA:140,3
DA:144,4
DA:146,4
DA:151,4
DA:152,4
DA:163,4
DA:164,0
DA:166,4
DA:169,2
LF:48
LH:46
BRDA:12,0,0,1
BRDA:12,0,1,4
BRDA:32,1,0,1
BRDA:32,1,1,2
BRDA:58,2,0,0
BRDA:58,2,1,2
BRDA:74,3,0,1
BRDA:74,3,1,5
BRDA:97,4,0,1
BRDA:97,4,1,1
BRDA:97,5,0,2
BRDA:97,5,1,1
BRDA:99,6,0,3
BRDA:99,6,1,25
BRDA:99,7,0,28
BRDA:99,7,1,28
BRDA:102,8,0,3
BRDA:102,8,1,0
BRDA:114,9,0,1
BRDA:114,9,1,1
BRDA:130,10,0,1
BRDA:130,10,1,2
BRDA:144,11,0,0
BRDA:144,11,1,4
BRF:24
BRH:21
end_of_record
TN:
SF:src\ts\util\AdvancedActivityConstants.ts
FN:1,(anonymous_0)
FNF:1
FNH:1
FNDA:2,(anonymous_0)
DA:1,2
DA:2,2
DA:3,2
DA:4,2
DA:5,2
DA:6,2
DA:7,2
DA:8,2
DA:9,2
LF:9
LH:9
BRF:0
BRH:0
end_of_record
TN:
SF:src\ts\util\AdvancedActivityUtil.ts
FN:3,(anonymous_0)
FN:4,(anonymous_2)
FNF:2
FNH:2
FNDA:1,(anonymous_0)
FNDA:1,(anonymous_2)
DA:3,1
DA:4,1
DA:5,1
DA:9,1
DA:12,1
LF:5
LH:5
BRF:0
BRH:0
end_of_record
TN:
SF:src\ts\util\CommonUtils.ts
FN:1,(anonymous_0)
FN:3,(anonymous_2)
FN:9,(anonymous_3)
FNF:3
FNH:3
FNDA:1,(anonymous_0)
FNDA:2,(anonymous_2)
FNDA:3,(anonymous_3)
DA:1,1
DA:3,1
DA:4,2
DA:5,1
DA:7,2
DA:8,2
DA:9,2
DA:10,3
DA:11,3
DA:12,3
DA:13,3
DA:15,2
DA:16,2
DA:19,1
LF:14
LH:14
BRDA:4,0,0,1
BRDA:4,0,1,1
BRDA:12,1,0,2
BRDA:12,1,1,1
BRF:4
BRH:4
end_of_record
